13:10:46.494 [Worker-63] INFO  o.a.AndroidAnnotationProcessor:84 - Initialize AndroidAnnotations 3.2 with options {phase=BUILD}
13:10:46.555 [Worker-63] INFO  o.a.AndroidAnnotationProcessor:108 - Start processing for 4 annotations on 7 elements
13:10:46.568 [Worker-63] DEBUG o.a.h.AndroidManifestFinder:137 - AndroidManifest.xml file found in parent folder C:\Users\dell\Desktop\外包\短信自动回复\SMS_DAEMON: C:\Users\dell\Desktop\外包\短信自动回复\SMS_DAEMON\AndroidManifest.xml
13:10:46.570 [Worker-63] INFO  o.a.AndroidAnnotationProcessor:171 - AndroidManifest.xml found: AndroidManifest [applicationPackage=com.client.SMS_DAEMON, componentQualifiedNames=[com.client.SMS_DAEMON.MainFace, com.service.SMS_DAEMON.BackService], permissionQualifiedNames=[android.permission.SEND_SMS, android.permission.RECEIVE_SMS, android.permission.READ_SMS, android.permission.WRITE_SMS], applicationClassName=null, libraryProject=false, debugabble=false, minSdkVersion=11, maxSdkVersion=-1, targetSdkVersion=17]
13:10:46.571 [Worker-63] INFO  o.a.r.ProjectRClassFinder:50 - Found project R class: com.client.SMS_DAEMON.R
13:10:46.574 [Worker-63] INFO  o.a.r.AndroidRClassFinder:44 - Found Android class: android.R
13:10:46.587 [Worker-63] INFO  o.a.p.ModelValidator:42 - Validating elements
13:10:46.588 [Worker-63] DEBUG o.a.p.ModelValidator:62 - Validating with EActivityHandler: [com.client.SMS_DAEMON.MainFace]
13:10:46.591 [Worker-63] ERROR o.a.h.AnnotationHelper:126 - The AndroidManifest.xml file contains the original component, and not the AndroidAnnotations generated component. Please register MainFace_ instead of MainFace
13:10:46.592 [Worker-63] WARN  o.a.p.ModelValidator:69 - Element EActivityHandler unvalidated by 
13:10:46.592 [Worker-63] DEBUG o.a.p.ModelValidator:62 - Validating with ViewByIdHandler: [EditTextAutoReplyNum, EditTextContainAutoReply, EditTextAutoReplyText, EditTextContainAutoNotReply]
13:10:46.595 [Worker-63] DEBUG o.a.p.ModelValidator:62 - Validating with ClickHandler: [void OnClickButtonSet(android.view.View) , void OnClickButtonClose(android.view.View) ]
13:10:46.598 [Worker-63] DEBUG o.a.p.ModelValidator:62 - Validating with AfterViewsHandler: [void Init() ]
13:10:46.606 [Worker-63] INFO  o.a.p.ModelProcessor:69 - Processing root elements
13:10:46.607 [Worker-63] INFO  o.a.p.ModelProcessor:77 - Processing enclosed elements
13:10:47.595 [Worker-63] ERROR o.a.AndroidAnnotationProcessor:268 - Something went wrong: Unexpected error in AndroidAnnotations 3.2!
You should check if there is already an issue about it on https://github.com/excilys/androidannotations/search?q=java.lang.NullPointerException&type=Issues
If none exists, please open a new one with the following content and tell us if you can reproduce it or not. Don't forget to give us as much information as you can (like parts of your code in failure).
Java version: javac 1.8.0_05
Javac processors options: phase=BUILD
Stacktrace: java.lang.NullPointerException
	at org.androidannotations.handler.ViewByIdHandler.process(ViewByIdHandler.java:74)
	at org.androidannotations.handler.ViewByIdHandler.process(ViewByIdHandler.java:36)
	at org.androidannotations.process.ModelProcessor.processThrowing(ModelProcessor.java:136)
	at org.androidannotations.process.ModelProcessor.process(ModelProcessor.java:120)
	at org.androidannotations.AndroidAnnotationProcessor.processAnnotations(AndroidAnnotationProcessor.java:243)
	at org.androidannotations.AndroidAnnotationProcessor.processThrowing(AndroidAnnotationProcessor.java:185)
	at org.androidannotations.AndroidAnnotationProcessor.process(AndroidAnnotationProcessor.java:113)
	at org.eclipse.jdt.internal.compiler.apt.dispatch.RoundDispatcher.handleProcessor(RoundDispatcher.java:139)
	at org.eclipse.jdt.internal.compiler.apt.dispatch.RoundDispatcher.round(RoundDispatcher.java:121)
	at org.eclipse.jdt.internal.compiler.apt.dispatch.BaseAnnotationProcessorManager.processAnnotations(BaseAnnotationProcessorManager.java:159)
	at org.eclipse.jdt.internal.apt.pluggable.core.dispatch.IdeAnnotationProcessorManager.processAnnotations(IdeAnnotationProcessorManager.java:134)
	at org.eclipse.jdt.internal.compiler.Compiler.processAnnotations(Compiler.java:820)
	at org.eclipse.jdt.internal.compiler.Compiler.compile(Compiler.java:434)
	at org.eclipse.jdt.internal.core.builder.AbstractImageBuilder.compile(AbstractImageBuilder.java:366)
	at org.eclipse.jdt.internal.core.builder.BatchImageBuilder.compile(BatchImageBuilder.java:178)
	at org.eclipse.jdt.internal.core.builder.AbstractImageBuilder.compile(AbstractImageBuilder.java:303)
	at org.eclipse.jdt.internal.core.builder.BatchImageBuilder.build(BatchImageBuilder.java:60)
	at org.eclipse.jdt.internal.core.builder.JavaBuilder.buildAll(JavaBuilder.java:254)
	at org.eclipse.jdt.internal.core.builder.JavaBuilder.build(JavaBuilder.java:173)
	at org.eclipse.core.internal.events.BuildManager$2.run(BuildManager.java:733)
	at org.eclipse.core.runtime.SafeRunner.run(SafeRunner.java:42)
	at org.eclipse.core.internal.events.BuildManager.basicBuild(BuildManager.java:206)
	at org.eclipse.core.internal.events.BuildManager.basicBuild(BuildManager.java:246)
	at org.eclipse.core.internal.events.BuildManager$1.run(BuildManager.java:299)
	at org.eclipse.core.runtime.SafeRunner.run(SafeRunner.java:42)
	at org.eclipse.core.internal.events.BuildManager.basicBuild(BuildManager.java:302)
	at org.eclipse.core.internal.events.BuildManager.basicBuild(BuildManager.java:263)
	at org.eclipse.core.internal.events.BuildManager.build(BuildManager.java:401)
	at org.eclipse.core.internal.resources.Project$1.run(Project.java:618)
	at org.eclipse.core.internal.resources.Workspace.run(Workspace.java:2345)
	at org.eclipse.core.internal.resources.Project.internalBuild(Project.java:597)
	at org.eclipse.core.internal.resources.Project.build(Project.java:114)
	at org.eclipse.jdt.internal.ui.util.CoreUtility$BuildJob.run(CoreUtility.java:161)
	at org.eclipse.core.internal.jobs.Worker.run(Worker.java:53)
Thrown from: com.client.SMS_DAEMON.MainFace
Element (VariableElementImpl): EditTextAutoReplyNum


13:10:47.595 [Worker-63] INFO  o.a.p.TimeStats:81 - Time measurements: [Whole Processing = 1040 ms], [Validate Annotations = 12 ms], [Extract Annotations = 10 ms], [Find R Classes = 10 ms], [Extract Manifest = 4 ms], 
13:10:47.596 [Worker-63] INFO  o.a.AndroidAnnotationProcessor:122 - Finish processing
13:10:47.684 [Worker-63] INFO  o.a.AndroidAnnotationProcessor:84 - Initialize AndroidAnnotations 3.2 with options {phase=BUILD}
13:11:55.473 [Worker-64] INFO  o.a.AndroidAnnotationProcessor:84 - Initialize AndroidAnnotations 3.2 with options {phase=BUILD}
13:11:55.474 [Worker-64] INFO  o.a.AndroidAnnotationProcessor:108 - Start processing for 4 annotations on 7 elements
13:11:55.481 [Worker-64] DEBUG o.a.h.AndroidManifestFinder:137 - AndroidManifest.xml file found in parent folder C:\Users\dell\Desktop\外包\短信自动回复\SMS_DAEMON: C:\Users\dell\Desktop\外包\短信自动回复\SMS_DAEMON\AndroidManifest.xml
13:11:55.483 [Worker-64] INFO  o.a.AndroidAnnotationProcessor:171 - AndroidManifest.xml found: AndroidManifest [applicationPackage=com.client.SMS_DAEMON, componentQualifiedNames=[com.client.SMS_DAEMON.MainFace, com.service.SMS_DAEMON.BackService], permissionQualifiedNames=[android.permission.SEND_SMS, android.permission.RECEIVE_SMS, android.permission.READ_SMS, android.permission.WRITE_SMS], applicationClassName=null, libraryProject=false, debugabble=false, minSdkVersion=11, maxSdkVersion=-1, targetSdkVersion=17]
13:11:55.483 [Worker-64] INFO  o.a.r.ProjectRClassFinder:50 - Found project R class: com.client.SMS_DAEMON.R
13:11:55.484 [Worker-64] INFO  o.a.r.AndroidRClassFinder:44 - Found Android class: android.R
13:11:55.489 [Worker-64] INFO  o.a.p.ModelValidator:42 - Validating elements
13:11:55.489 [Worker-64] DEBUG o.a.p.ModelValidator:62 - Validating with EActivityHandler: [com.client.SMS_DAEMON.MainFace]
13:11:55.489 [Worker-64] ERROR o.a.h.AnnotationHelper:126 - The AndroidManifest.xml file contains the original component, and not the AndroidAnnotations generated component. Please register MainFace_ instead of MainFace
13:11:55.490 [Worker-64] WARN  o.a.p.ModelValidator:69 - Element EActivityHandler unvalidated by 
13:11:55.490 [Worker-64] DEBUG o.a.p.ModelValidator:62 - Validating with ViewByIdHandler: [EditTextAutoReplyNum, EditTextContainAutoReply, EditTextAutoReplyText, EditTextContainAutoNotReply]
13:11:55.492 [Worker-64] DEBUG o.a.p.ModelValidator:62 - Validating with ClickHandler: [void OnClickButtonClose(android.view.View) , void OnClickButtonSet(android.view.View) ]
13:11:55.493 [Worker-64] DEBUG o.a.p.ModelValidator:62 - Validating with AfterViewsHandler: [void Init() ]
13:11:55.493 [Worker-64] INFO  o.a.p.ModelProcessor:69 - Processing root elements
13:11:55.494 [Worker-64] INFO  o.a.p.ModelProcessor:77 - Processing enclosed elements
13:11:55.791 [Worker-64] ERROR o.a.AndroidAnnotationProcessor:268 - Something went wrong: Unexpected error in AndroidAnnotations 3.2!
You should check if there is already an issue about it on https://github.com/excilys/androidannotations/search?q=java.lang.NullPointerException&type=Issues
If none exists, please open a new one with the following content and tell us if you can reproduce it or not. Don't forget to give us as much information as you can (like parts of your code in failure).
Java version: javac 1.8.0_05
Javac processors options: phase=BUILD
Stacktrace: java.lang.NullPointerException
	at org.androidannotations.handler.ViewByIdHandler.process(ViewByIdHandler.java:74)
	at org.androidannotations.handler.ViewByIdHandler.process(ViewByIdHandler.java:36)
	at org.androidannotations.process.ModelProcessor.processThrowing(ModelProcessor.java:136)
	at org.androidannotations.process.ModelProcessor.process(ModelProcessor.java:120)
	at org.androidannotations.AndroidAnnotationProcessor.processAnnotations(AndroidAnnotationProcessor.java:243)
	at org.androidannotations.AndroidAnnotationProcessor.processThrowing(AndroidAnnotationProcessor.java:185)
	at org.androidannotations.AndroidAnnotationProcessor.process(AndroidAnnotationProcessor.java:113)
	at org.eclipse.jdt.internal.compiler.apt.dispatch.RoundDispatcher.handleProcessor(RoundDispatcher.java:139)
	at org.eclipse.jdt.internal.compiler.apt.dispatch.RoundDispatcher.round(RoundDispatcher.java:121)
	at org.eclipse.jdt.internal.compiler.apt.dispatch.BaseAnnotationProcessorManager.processAnnotations(BaseAnnotationProcessorManager.java:159)
	at org.eclipse.jdt.internal.apt.pluggable.core.dispatch.IdeAnnotationProcessorManager.processAnnotations(IdeAnnotationProcessorManager.java:134)
	at org.eclipse.jdt.internal.compiler.Compiler.processAnnotations(Compiler.java:820)
	at org.eclipse.jdt.internal.compiler.Compiler.compile(Compiler.java:434)
	at org.eclipse.jdt.internal.core.builder.AbstractImageBuilder.compile(AbstractImageBuilder.java:366)
	at org.eclipse.jdt.internal.core.builder.BatchImageBuilder.compile(BatchImageBuilder.java:178)
	at org.eclipse.jdt.internal.core.builder.AbstractImageBuilder.compile(AbstractImageBuilder.java:303)
	at org.eclipse.jdt.internal.core.builder.BatchImageBuilder.build(BatchImageBuilder.java:60)
	at org.eclipse.jdt.internal.core.builder.JavaBuilder.buildAll(JavaBuilder.java:254)
	at org.eclipse.jdt.internal.core.builder.JavaBuilder.build(JavaBuilder.java:173)
	at org.eclipse.core.internal.events.BuildManager$2.run(BuildManager.java:733)
	at org.eclipse.core.runtime.SafeRunner.run(SafeRunner.java:42)
	at org.eclipse.core.internal.events.BuildManager.basicBuild(BuildManager.java:206)
	at org.eclipse.core.internal.events.BuildManager.basicBuild(BuildManager.java:246)
	at org.eclipse.core.internal.events.BuildManager$1.run(BuildManager.java:299)
	at org.eclipse.core.runtime.SafeRunner.run(SafeRunner.java:42)
	at org.eclipse.core.internal.events.BuildManager.basicBuild(BuildManager.java:302)
	at org.eclipse.core.internal.events.BuildManager.basicBuildLoop(BuildManager.java:358)
	at org.eclipse.core.internal.events.BuildManager.build(BuildManager.java:381)
	at org.eclipse.core.internal.events.AutoBuildJob.doBuild(AutoBuildJob.java:143)
	at org.eclipse.core.internal.events.AutoBuildJob.run(AutoBuildJob.java:241)
	at org.eclipse.core.internal.jobs.Worker.run(Worker.java:53)
Thrown from: com.client.SMS_DAEMON.MainFace
Element (VariableElementImpl): EditTextAutoReplyNum


13:11:55.792 [Worker-64] INFO  o.a.p.TimeStats:81 - Time measurements: [Whole Processing = 318 ms], [Extract Annotations = 7 ms], [Find R Classes = 6 ms], [Validate Annotations = 4 ms], [Extract Manifest = 2 ms], 
13:11:55.792 [Worker-64] INFO  o.a.AndroidAnnotationProcessor:122 - Finish processing
13:12:00.118 [Worker-67] INFO  o.a.AndroidAnnotationProcessor:84 - Initialize AndroidAnnotations 3.2 with options {phase=BUILD}
13:12:00.119 [Worker-67] INFO  o.a.AndroidAnnotationProcessor:108 - Start processing for 3 annotations on 2 elements
13:12:00.127 [Worker-67] DEBUG o.a.h.AndroidManifestFinder:137 - AndroidManifest.xml file found in parent folder C:\Users\dell\Desktop\外包\短信自动回复\SMS_DAEMON: C:\Users\dell\Desktop\外包\短信自动回复\SMS_DAEMON\AndroidManifest.xml
13:12:00.128 [Worker-67] INFO  o.a.AndroidAnnotationProcessor:171 - AndroidManifest.xml found: AndroidManifest [applicationPackage=com.client.SMS_DAEMON, componentQualifiedNames=[com.client.SMS_DAEMON.MainFace, com.service.SMS_DAEMON.BackService], permissionQualifiedNames=[android.permission.SEND_SMS, android.permission.RECEIVE_SMS, android.permission.READ_SMS, android.permission.WRITE_SMS], applicationClassName=null, libraryProject=false, debugabble=false, minSdkVersion=11, maxSdkVersion=-1, targetSdkVersion=17]
13:12:00.129 [Worker-67] INFO  o.a.r.ProjectRClassFinder:50 - Found project R class: com.client.SMS_DAEMON.R
13:12:00.129 [Worker-67] INFO  o.a.r.AndroidRClassFinder:44 - Found Android class: android.R
13:12:00.134 [Worker-67] INFO  o.a.p.ModelValidator:42 - Validating elements
13:12:00.135 [Worker-67] DEBUG o.a.p.ModelValidator:62 - Validating with ViewByIdHandler: [EditTextContainAutoReply, EditTextContainAutoNotReply, EditTextAutoReplyText, EditTextAutoReplyNum]
13:12:00.135 [Worker-67] ERROR o.a.h.AnnotationHelper:126 - @org.androidannotations.annotations.ViewById can only be used in a class annotated with @org.androidannotations.annotations.EActivity, @org.androidannotations.annotations.EViewGroup, @org.androidannotations.annotations.EView, @org.androidannotations.annotations.EBean, @org.androidannotations.annotations.EFragment.
13:12:00.136 [Worker-67] WARN  o.a.p.ModelValidator:69 - Element ViewByIdHandler unvalidated by 
13:12:00.136 [Worker-67] ERROR o.a.h.AnnotationHelper:126 - @org.androidannotations.annotations.ViewById can only be used in a class annotated with @org.androidannotations.annotations.EActivity, @org.androidannotations.annotations.EViewGroup, @org.androidannotations.annotations.EView, @org.androidannotations.annotations.EBean, @org.androidannotations.annotations.EFragment.
13:12:00.136 [Worker-67] WARN  o.a.p.ModelValidator:69 - Element ViewByIdHandler unvalidated by 
13:12:00.136 [Worker-67] ERROR o.a.h.AnnotationHelper:126 - @org.androidannotations.annotations.ViewById can only be used in a class annotated with @org.androidannotations.annotations.EActivity, @org.androidannotations.annotations.EViewGroup, @org.androidannotations.annotations.EView, @org.androidannotations.annotations.EBean, @org.androidannotations.annotations.EFragment.
13:12:00.137 [Worker-67] WARN  o.a.p.ModelValidator:69 - Element ViewByIdHandler unvalidated by 
13:12:00.137 [Worker-67] ERROR o.a.h.AnnotationHelper:126 - @org.androidannotations.annotations.ViewById can only be used in a class annotated with @org.androidannotations.annotations.EActivity, @org.androidannotations.annotations.EViewGroup, @org.androidannotations.annotations.EView, @org.androidannotations.annotations.EBean, @org.androidannotations.annotations.EFragment.
13:12:00.137 [Worker-67] WARN  o.a.p.ModelValidator:69 - Element ViewByIdHandler unvalidated by 
13:12:00.137 [Worker-67] DEBUG o.a.p.ModelValidator:62 - Validating with ClickHandler: [void OnClickButtonSet(android.view.View) , void OnClickButtonClose(android.view.View) ]
13:12:00.137 [Worker-67] ERROR o.a.h.AnnotationHelper:126 - @org.androidannotations.annotations.Click can only be used in a class annotated with @org.androidannotations.annotations.EActivity, @org.androidannotations.annotations.EViewGroup, @org.androidannotations.annotations.EView, @org.androidannotations.annotations.EBean, @org.androidannotations.annotations.EFragment.
13:12:00.138 [Worker-67] WARN  o.a.p.ModelValidator:69 - Element ClickHandler unvalidated by 
13:12:00.138 [Worker-67] ERROR o.a.h.AnnotationHelper:126 - @org.androidannotations.annotations.Click can only be used in a class annotated with @org.androidannotations.annotations.EActivity, @org.androidannotations.annotations.EViewGroup, @org.androidannotations.annotations.EView, @org.androidannotations.annotations.EBean, @org.androidannotations.annotations.EFragment.
13:12:00.138 [Worker-67] WARN  o.a.p.ModelValidator:69 - Element ClickHandler unvalidated by 
13:12:00.138 [Worker-67] DEBUG o.a.p.ModelValidator:62 - Validating with AfterViewsHandler: [void Init() ]
13:12:00.139 [Worker-67] ERROR o.a.h.AnnotationHelper:126 - @org.androidannotations.annotations.AfterViews can only be used in a class annotated with @org.androidannotations.annotations.EActivity, @org.androidannotations.annotations.EViewGroup, @org.androidannotations.annotations.EView, @org.androidannotations.annotations.EBean, @org.androidannotations.annotations.EFragment.
13:12:00.139 [Worker-67] WARN  o.a.p.ModelValidator:69 - Element AfterViewsHandler unvalidated by 
13:12:00.139 [Worker-67] INFO  o.a.p.ModelProcessor:69 - Processing root elements
13:12:00.140 [Worker-67] INFO  o.a.p.ModelProcessor:77 - Processing enclosed elements
13:12:00.142 [Worker-67] INFO  o.a.AndroidAnnotationProcessor:250 - Number of files generated by AndroidAnnotations: 0
13:12:00.144 [Worker-67] INFO  o.a.g.ApiCodeGenerator:52 - Writting following API classes in project: []
13:12:00.145 [Worker-67] INFO  o.a.p.TimeStats:81 - Time measurements: [Whole Processing = 26 ms], [Extract Annotations = 7 ms], [Find R Classes = 5 ms], [Validate Annotations = 5 ms], [Generate Sources = 4 ms], [Process Annotations = 2 ms], [Extract Manifest = 1 ms], 
13:12:00.145 [Worker-67] INFO  o.a.AndroidAnnotationProcessor:122 - Finish processing
13:12:15.580 [Worker-68] INFO  o.a.AndroidAnnotationProcessor:84 - Initialize AndroidAnnotations 3.2 with options {phase=BUILD}
13:12:15.581 [Worker-68] INFO  o.a.AndroidAnnotationProcessor:108 - Start processing for 4 annotations on 2 elements
13:12:15.588 [Worker-68] DEBUG o.a.h.AndroidManifestFinder:137 - AndroidManifest.xml file found in parent folder C:\Users\dell\Desktop\外包\短信自动回复\SMS_DAEMON: C:\Users\dell\Desktop\外包\短信自动回复\SMS_DAEMON\AndroidManifest.xml
13:12:15.590 [Worker-68] INFO  o.a.AndroidAnnotationProcessor:171 - AndroidManifest.xml found: AndroidManifest [applicationPackage=com.client.SMS_DAEMON, componentQualifiedNames=[com.client.SMS_DAEMON.MainFace, com.service.SMS_DAEMON.BackService], permissionQualifiedNames=[android.permission.SEND_SMS, android.permission.RECEIVE_SMS, android.permission.READ_SMS, android.permission.WRITE_SMS], applicationClassName=null, libraryProject=false, debugabble=false, minSdkVersion=11, maxSdkVersion=-1, targetSdkVersion=17]
13:12:15.590 [Worker-68] INFO  o.a.r.ProjectRClassFinder:50 - Found project R class: com.client.SMS_DAEMON.R
13:12:15.591 [Worker-68] INFO  o.a.r.AndroidRClassFinder:44 - Found Android class: android.R
13:12:15.595 [Worker-68] INFO  o.a.p.ModelValidator:42 - Validating elements
13:12:15.595 [Worker-68] DEBUG o.a.p.ModelValidator:62 - Validating with EActivityHandler: [com.client.SMS_DAEMON.MainFace]
13:12:15.596 [Worker-68] ERROR o.a.h.AnnotationHelper:126 - The AndroidManifest.xml file contains the original component, and not the AndroidAnnotations generated component. Please register MainFace_ instead of MainFace
13:12:15.596 [Worker-68] WARN  o.a.p.ModelValidator:69 - Element EActivityHandler unvalidated by 
13:12:15.596 [Worker-68] DEBUG o.a.p.ModelValidator:62 - Validating with ViewByIdHandler: [EditTextAutoReplyNum, EditTextContainAutoReply, EditTextContainAutoNotReply, EditTextAutoReplyText]
13:12:15.598 [Worker-68] DEBUG o.a.p.ModelValidator:62 - Validating with ClickHandler: [void OnClickButtonSet(android.view.View) , void OnClickButtonClose(android.view.View) ]
13:12:15.599 [Worker-68] DEBUG o.a.p.ModelValidator:62 - Validating with AfterViewsHandler: [void Init() ]
13:12:15.599 [Worker-68] INFO  o.a.p.ModelProcessor:69 - Processing root elements
13:12:15.600 [Worker-68] INFO  o.a.p.ModelProcessor:77 - Processing enclosed elements
13:12:15.792 [Worker-68] ERROR o.a.AndroidAnnotationProcessor:268 - Something went wrong: Unexpected error in AndroidAnnotations 3.2!
You should check if there is already an issue about it on https://github.com/excilys/androidannotations/search?q=java.lang.NullPointerException&type=Issues
If none exists, please open a new one with the following content and tell us if you can reproduce it or not. Don't forget to give us as much information as you can (like parts of your code in failure).
Java version: javac 1.8.0_05
Javac processors options: phase=BUILD
Stacktrace: java.lang.NullPointerException
	at org.androidannotations.handler.ViewByIdHandler.process(ViewByIdHandler.java:74)
	at org.androidannotations.handler.ViewByIdHandler.process(ViewByIdHandler.java:36)
	at org.androidannotations.process.ModelProcessor.processThrowing(ModelProcessor.java:136)
	at org.androidannotations.process.ModelProcessor.process(ModelProcessor.java:120)
	at org.androidannotations.AndroidAnnotationProcessor.processAnnotations(AndroidAnnotationProcessor.java:243)
	at org.androidannotations.AndroidAnnotationProcessor.processThrowing(AndroidAnnotationProcessor.java:185)
	at org.androidannotations.AndroidAnnotationProcessor.process(AndroidAnnotationProcessor.java:113)
	at org.eclipse.jdt.internal.compiler.apt.dispatch.RoundDispatcher.handleProcessor(RoundDispatcher.java:139)
	at org.eclipse.jdt.internal.compiler.apt.dispatch.RoundDispatcher.round(RoundDispatcher.java:121)
	at org.eclipse.jdt.internal.compiler.apt.dispatch.BaseAnnotationProcessorManager.processAnnotations(BaseAnnotationProcessorManager.java:159)
	at org.eclipse.jdt.internal.apt.pluggable.core.dispatch.IdeAnnotationProcessorManager.processAnnotations(IdeAnnotationProcessorManager.java:134)
	at org.eclipse.jdt.internal.compiler.Compiler.processAnnotations(Compiler.java:820)
	at org.eclipse.jdt.internal.compiler.Compiler.compile(Compiler.java:434)
	at org.eclipse.jdt.internal.core.builder.AbstractImageBuilder.compile(AbstractImageBuilder.java:366)
	at org.eclipse.jdt.internal.core.builder.IncrementalImageBuilder.compile(IncrementalImageBuilder.java:329)
	at org.eclipse.jdt.internal.core.builder.AbstractImageBuilder.compile(AbstractImageBuilder.java:303)
	at org.eclipse.jdt.internal.core.builder.IncrementalImageBuilder.build(IncrementalImageBuilder.java:134)
	at org.eclipse.jdt.internal.core.builder.JavaBuilder.buildDeltas(JavaBuilder.java:265)
	at org.eclipse.jdt.internal.core.builder.JavaBuilder.build(JavaBuilder.java:193)
	at org.eclipse.core.internal.events.BuildManager$2.run(BuildManager.java:733)
	at org.eclipse.core.runtime.SafeRunner.run(SafeRunner.java:42)
	at org.eclipse.core.internal.events.BuildManager.basicBuild(BuildManager.java:206)
	at org.eclipse.core.internal.events.BuildManager.basicBuild(BuildManager.java:246)
	at org.eclipse.core.internal.events.BuildManager$1.run(BuildManager.java:299)
	at org.eclipse.core.runtime.SafeRunner.run(SafeRunner.java:42)
	at org.eclipse.core.internal.events.BuildManager.basicBuild(BuildManager.java:302)
	at org.eclipse.core.internal.events.BuildManager.basicBuildLoop(BuildManager.java:358)
	at org.eclipse.core.internal.events.BuildManager.build(BuildManager.java:381)
	at org.eclipse.core.internal.events.AutoBuildJob.doBuild(AutoBuildJob.java:143)
	at org.eclipse.core.internal.events.AutoBuildJob.run(AutoBuildJob.java:241)
	at org.eclipse.core.internal.jobs.Worker.run(Worker.java:53)
Thrown from: com.client.SMS_DAEMON.MainFace
Element (VariableElementImpl): EditTextAutoReplyNum


13:12:15.792 [Worker-68] INFO  o.a.p.TimeStats:81 - Time measurements: [Whole Processing = 211 ms], [Extract Annotations = 6 ms], [Find R Classes = 5 ms], [Validate Annotations = 4 ms], [Extract Manifest = 2 ms], 
13:12:15.792 [Worker-68] INFO  o.a.AndroidAnnotationProcessor:122 - Finish processing
13:12:23.452 [Worker-65] INFO  o.a.AndroidAnnotationProcessor:84 - Initialize AndroidAnnotations 3.2 with options {phase=BUILD}
13:13:12.547 [Worker-65] INFO  o.a.AndroidAnnotationProcessor:84 - Initialize AndroidAnnotations 3.2 with options {phase=BUILD}
13:13:46.139 [Worker-65] INFO  o.a.AndroidAnnotationProcessor:84 - Initialize AndroidAnnotations 3.2 with options {phase=BUILD}
13:13:50.554 [Worker-66] INFO  o.a.AndroidAnnotationProcessor:84 - Initialize AndroidAnnotations 3.2 with options {phase=BUILD}
13:13:56.324 [Worker-64] INFO  o.a.AndroidAnnotationProcessor:84 - Initialize AndroidAnnotations 3.2 with options {phase=BUILD}
13:14:11.594 [Worker-64] INFO  o.a.AndroidAnnotationProcessor:84 - Initialize AndroidAnnotations 3.2 with options {phase=BUILD}
13:14:11.595 [Worker-64] INFO  o.a.AndroidAnnotationProcessor:108 - Start processing for 4 annotations on 7 elements
13:14:11.602 [Worker-64] DEBUG o.a.h.AndroidManifestFinder:137 - AndroidManifest.xml file found in parent folder C:\Users\dell\Desktop\外包\短信自动回复\SMS_DAEMON: C:\Users\dell\Desktop\外包\短信自动回复\SMS_DAEMON\AndroidManifest.xml
13:14:11.603 [Worker-64] INFO  o.a.AndroidAnnotationProcessor:171 - AndroidManifest.xml found: AndroidManifest [applicationPackage=com.client.SMS_DAEMON, componentQualifiedNames=[com.client.SMS_DAEMON.MainFace_, com.service.SMS_DAEMON.BackService], permissionQualifiedNames=[android.permission.SEND_SMS, android.permission.RECEIVE_SMS, android.permission.READ_SMS, android.permission.WRITE_SMS], applicationClassName=null, libraryProject=false, debugabble=false, minSdkVersion=11, maxSdkVersion=-1, targetSdkVersion=17]
13:14:11.603 [Worker-64] INFO  o.a.r.ProjectRClassFinder:50 - Found project R class: com.client.SMS_DAEMON.R
13:14:11.604 [Worker-64] INFO  o.a.r.AndroidRClassFinder:44 - Found Android class: android.R
13:14:11.608 [Worker-64] INFO  o.a.p.ModelValidator:42 - Validating elements
13:14:11.608 [Worker-64] DEBUG o.a.p.ModelValidator:62 - Validating with EActivityHandler: [com.client.SMS_DAEMON.MainFace]
13:14:11.609 [Worker-64] DEBUG o.a.p.ModelValidator:62 - Validating with ViewByIdHandler: [EditTextContainAutoNotReply, EditTextContainAutoReply, EditTextAutoReplyNum, EditTextAutoReplyText]
13:14:11.610 [Worker-64] DEBUG o.a.p.ModelValidator:62 - Validating with ClickHandler: [void OnClickButtonSet(android.view.View) , void OnClickButtonClose(android.view.View) ]
13:14:11.610 [Worker-64] DEBUG o.a.p.ModelValidator:62 - Validating with AfterViewsHandler: [void Init() ]
13:14:11.611 [Worker-64] INFO  o.a.p.ModelProcessor:69 - Processing root elements
13:14:11.611 [Worker-64] DEBUG o.a.p.ModelProcessor:160 - Processing root elements EActivityHandler: [com.client.SMS_DAEMON.MainFace]
13:14:11.632 [Worker-64] INFO  o.a.p.ModelProcessor:77 - Processing enclosed elements
13:14:11.636 [Worker-64] INFO  o.a.AndroidAnnotationProcessor:250 - Number of files generated by AndroidAnnotations: 1
13:14:11.636 [Worker-64] INFO  o.a.g.ApiCodeGenerator:52 - Writting following API classes in project: []
13:14:11.636 [Worker-64] DEBUG o.a.g.SourceCodewriter:55 - Generating class: com.client.SMS_DAEMON.MainFace_
13:14:11.645 [Worker-64] INFO  o.a.p.TimeStats:81 - Time measurements: [Whole Processing = 50 ms], [Process Annotations = 25 ms], [Generate Sources = 9 ms], [Extract Annotations = 6 ms], [Find R Classes = 5 ms], [Validate Annotations = 3 ms], [Extract Manifest = 2 ms], 
13:14:11.645 [Worker-64] INFO  o.a.AndroidAnnotationProcessor:122 - Finish processing
13:14:28.84 [Worker-67] INFO  o.a.AndroidAnnotationProcessor:84 - Initialize AndroidAnnotations 3.2 with options {phase=BUILD}
